{
  "stats": {
    "suites": 2,
    "tests": 6,
    "passes": 6,
    "pending": 0,
    "failures": 0,
    "start": "2022-04-15T13:17:23.459Z",
    "end": "2022-04-15T13:22:04.444Z",
    "duration": 261002,
    "testsRegistered": 6,
    "passPercent": 100,
    "pendingPercent": 0,
    "other": 0,
    "hasOther": false,
    "skipped": 0,
    "hasSkipped": false
  },
  "results": [
    {
      "uuid": "05150bc1-3335-4631-b93c-df0590cf0c64",
      "title": "",
      "fullFile": "cypress/integration/tests/myWeek.spec.js",
      "file": "cypress/integration/tests/myWeek.spec.js",
      "beforeHooks": [],
      "afterHooks": [],
      "tests": [],
      "suites": [
        {
          "uuid": "b70849b0-057f-469a-a77d-9fee183ba0c3",
          "title": "Most crucial tests on My Week page",
          "fullFile": "",
          "file": "",
          "beforeHooks": [],
          "afterHooks": [],
          "tests": [
            {
              "title": "should fail if SETS number is only visible on exercise page",
              "fullTitle": "Most crucial tests on My Week page should fail if SETS number is only visible on exercise page",
              "timedOut": null,
              "duration": 22878,
              "state": "passed",
              "speed": "slow",
              "pass": true,
              "fail": false,
              "pending": false,
              "context": null,
              "code": "_exercisePage.default.testFailSetCount(); //occurs only in specific video, therefore I seperated this test to show it",
              "err": {},
              "uuid": "cad26b03-a1a2-4c17-a787-5986641539b7",
              "parentUUID": "b70849b0-057f-469a-a77d-9fee183ba0c3",
              "isHook": false,
              "skipped": false
            },
            {
              "title": "should have same the SETS number on both previous video and video page",
              "fullTitle": "Most crucial tests on My Week page should have same the SETS number on both previous video and video page",
              "timedOut": null,
              "duration": 19539,
              "state": "passed",
              "speed": "slow",
              "pass": true,
              "fail": false,
              "pending": false,
              "context": null,
              "code": "_exercisePage.default.testSuccessfulSetCount(); //occurs only in specific video, therefore I seperated this test to show it",
              "err": {},
              "uuid": "3013ca51-7ef2-4c7d-93aa-8bd67b96f841",
              "parentUUID": "b70849b0-057f-469a-a77d-9fee183ba0c3",
              "isHook": false,
              "skipped": false
            },
            {
              "title": "should start training and complete by checking active exercise number, and logout",
              "fullTitle": "Most crucial tests on My Week page should start training and complete by checking active exercise number, and logout",
              "timedOut": null,
              "duration": 52751,
              "state": "passed",
              "speed": "slow",
              "pass": true,
              "fail": false,
              "pending": false,
              "context": null,
              "code": "_exercisePage.default.goToExercise();\n_basePage.default.logOut();",
              "err": {},
              "uuid": "1776df81-4975-4186-b92d-c44a5d663055",
              "parentUUID": "b70849b0-057f-469a-a77d-9fee183ba0c3",
              "isHook": false,
              "skipped": false
            },
            {
              "title": "should add step and check the weekly&daily total step, and SYNC",
              "fullTitle": "Most crucial tests on My Week page should add step and check the weekly&daily total step, and SYNC",
              "timedOut": null,
              "duration": 11675,
              "state": "passed",
              "speed": "slow",
              "pass": true,
              "fail": false,
              "pending": false,
              "context": null,
              "code": "_stepPage.default.goToSteps();\n_stepPage.default.assertDailyStep();\n_stepPage.default.assertWeeklyStep();\n_stepPage.default.clickSync();",
              "err": {},
              "uuid": "b5754c10-cd5e-4857-bb2a-fbd21f9346f9",
              "parentUUID": "b70849b0-057f-469a-a77d-9fee183ba0c3",
              "isHook": false,
              "skipped": false
            }
          ],
          "suites": [],
          "passes": [
            "cad26b03-a1a2-4c17-a787-5986641539b7",
            "3013ca51-7ef2-4c7d-93aa-8bd67b96f841",
            "1776df81-4975-4186-b92d-c44a5d663055",
            "b5754c10-cd5e-4857-bb2a-fbd21f9346f9"
          ],
          "failures": [],
          "pending": [],
          "skipped": [],
          "duration": 106843,
          "root": false,
          "rootEmpty": false,
          "_timeout": 2000
        }
      ],
      "passes": [],
      "failures": [],
      "pending": [],
      "skipped": [],
      "duration": 0,
      "root": true,
      "rootEmpty": true,
      "_timeout": 2000
    },
    {
      "uuid": "85fc737a-c6fc-4e7e-aa40-cfcd912d37ca",
      "title": "",
      "fullFile": "cypress/integration/tests/today.spec.js",
      "file": "cypress/integration/tests/today.spec.js",
      "beforeHooks": [],
      "afterHooks": [],
      "tests": [],
      "suites": [
        {
          "uuid": "3f41b74d-3cff-4cb1-8785-4bbf2e5519ea",
          "title": "Most crucial tests on today page",
          "fullFile": "",
          "file": "",
          "beforeHooks": [],
          "afterHooks": [],
          "tests": [
            {
              "title": "should start training and complete by checking repetition number, and logout",
              "fullTitle": "Most crucial tests on today page should start training and complete by checking repetition number, and logout",
              "timedOut": null,
              "duration": 143277,
              "state": "passed",
              "speed": "slow",
              "pass": true,
              "fail": false,
              "pending": false,
              "context": null,
              "code": "_exercisePage.default.checkExerciseBox();\n_basePage.default.logOut();",
              "err": {},
              "uuid": "406f968f-ab2c-4803-9425-667752d8338a",
              "parentUUID": "3f41b74d-3cff-4cb1-8785-4bbf2e5519ea",
              "isHook": false,
              "skipped": false
            },
            {
              "title": "should add step and check the total step, and SYNC",
              "fullTitle": "Most crucial tests on today page should add step and check the total step, and SYNC",
              "timedOut": null,
              "duration": 10882,
              "state": "passed",
              "speed": "slow",
              "pass": true,
              "fail": false,
              "pending": false,
              "context": null,
              "code": "_stepPage.default.assertDailyStep();\n_stepPage.default.clickSync();",
              "err": {},
              "uuid": "dae6681c-78c4-4993-b5d5-ac029a89e999",
              "parentUUID": "3f41b74d-3cff-4cb1-8785-4bbf2e5519ea",
              "isHook": false,
              "skipped": false
            }
          ],
          "suites": [],
          "passes": [
            "406f968f-ab2c-4803-9425-667752d8338a",
            "dae6681c-78c4-4993-b5d5-ac029a89e999"
          ],
          "failures": [],
          "pending": [],
          "skipped": [],
          "duration": 154159,
          "root": false,
          "rootEmpty": false,
          "_timeout": 2000
        }
      ],
      "passes": [],
      "failures": [],
      "pending": [],
      "skipped": [],
      "duration": 0,
      "root": true,
      "rootEmpty": true,
      "_timeout": 2000
    }
  ],
  "meta": {
    "mocha": {
      "version": "7.0.1"
    },
    "mochawesome": {
      "options": {
        "quiet": false,
        "reportFilename": "mochawesome",
        "saveHtml": false,
        "saveJson": true,
        "consoleReporter": "spec",
        "useInlineDiffs": false,
        "code": true
      },
      "version": "7.1.3"
    },
    "marge": {
      "options": {
        "id": "default",
        "reportDir": "cypress/results/mochawesome",
        "overwrite": false,
        "html": false,
        "json": true
      },
      "version": "6.2.0"
    }
  }
}