{
  "stats": {
    "suites": 2,
    "tests": 6,
    "passes": 6,
    "pending": 0,
    "failures": 0,
    "start": "2022-04-13T14:31:58.530Z",
    "end": "2022-04-13T14:32:47.591Z",
    "duration": 35902,
    "testsRegistered": 6,
    "passPercent": 100,
    "pendingPercent": 0,
    "other": 0,
    "hasOther": false,
    "skipped": 0,
    "hasSkipped": false
  },
  "results": [
    {
      "uuid": "bb61a814-9c54-4090-a9a7-552d0f5c0c3e",
      "title": "",
      "fullFile": "cypress/integration/tests/myWeek.spec.js",
      "file": "cypress/integration/tests/myWeek.spec.js",
      "beforeHooks": [],
      "afterHooks": [],
      "tests": [],
      "suites": [
        {
          "uuid": "26771295-ce02-4415-992d-333fe0e05ada",
          "title": "Most crucial tests on My Week page",
          "fullFile": "",
          "file": "",
          "beforeHooks": [],
          "afterHooks": [],
          "tests": [
            {
              "title": "should fail if SETS number is only visible on exercise page",
              "fullTitle": "Most crucial tests on My Week page should fail if SETS number is only visible on exercise page",
              "timedOut": null,
              "duration": 6832,
              "state": "passed",
              "speed": "medium",
              "pass": true,
              "fail": false,
              "pending": false,
              "context": null,
              "code": "_exercisePage.default.testFailSetCount(); //occurs only in specific video, therefore I seperated this test to show it",
              "err": {},
              "uuid": "80762889-62b0-49fe-9c0c-072994fb15a7",
              "parentUUID": "26771295-ce02-4415-992d-333fe0e05ada",
              "isHook": false,
              "skipped": false
            },
            {
              "title": "should have same the SETS number on both previous video and video page",
              "fullTitle": "Most crucial tests on My Week page should have same the SETS number on both previous video and video page",
              "timedOut": null,
              "duration": 4397,
              "state": "passed",
              "speed": "fast",
              "pass": true,
              "fail": false,
              "pending": false,
              "context": null,
              "code": "_exercisePage.default.testSuccessfulSetCount(); //occurs only in specific video, therefore I seperated this test to show it",
              "err": {},
              "uuid": "0d464e55-3e75-4a5e-a5bd-d10a98ad29c5",
              "parentUUID": "26771295-ce02-4415-992d-333fe0e05ada",
              "isHook": false,
              "skipped": false
            },
            {
              "title": "should start training and complete by checking active exercise number, and logout",
              "fullTitle": "Most crucial tests on My Week page should start training and complete by checking active exercise number, and logout",
              "timedOut": null,
              "duration": 4290,
              "state": "passed",
              "speed": "fast",
              "pass": true,
              "fail": false,
              "pending": false,
              "context": null,
              "code": "_exercisePage.default.goToExercise();\n_basePage.default.logOut();",
              "err": {},
              "uuid": "80a2a33f-31cb-4a63-81ad-7abbe3b037e0",
              "parentUUID": "26771295-ce02-4415-992d-333fe0e05ada",
              "isHook": false,
              "skipped": false
            },
            {
              "title": "should add step and check the weekly&daily total step, and SYNC",
              "fullTitle": "Most crucial tests on My Week page should add step and check the weekly&daily total step, and SYNC",
              "timedOut": null,
              "duration": 6251,
              "state": "passed",
              "speed": "medium",
              "pass": true,
              "fail": false,
              "pending": false,
              "context": null,
              "code": "_stepPage.default.goToSteps();\n_stepPage.default.assertDailyStep();\n_stepPage.default.assertWeeklyStep();\n_stepPage.default.clickSync();",
              "err": {},
              "uuid": "99e2e3dd-cfc8-4ecc-b916-c2b9664defea",
              "parentUUID": "26771295-ce02-4415-992d-333fe0e05ada",
              "isHook": false,
              "skipped": false
            }
          ],
          "suites": [],
          "passes": [
            "80762889-62b0-49fe-9c0c-072994fb15a7",
            "0d464e55-3e75-4a5e-a5bd-d10a98ad29c5",
            "80a2a33f-31cb-4a63-81ad-7abbe3b037e0",
            "99e2e3dd-cfc8-4ecc-b916-c2b9664defea"
          ],
          "failures": [],
          "pending": [],
          "skipped": [],
          "duration": 21770,
          "root": false,
          "rootEmpty": false,
          "_timeout": 2000
        }
      ],
      "passes": [],
      "failures": [],
      "pending": [],
      "skipped": [],
      "duration": 0,
      "root": true,
      "rootEmpty": true,
      "_timeout": 2000
    },
    {
      "uuid": "8eb46603-936a-45fe-9662-56aa24d94da4",
      "title": "",
      "fullFile": "cypress/integration/tests/today.spec.js",
      "file": "cypress/integration/tests/today.spec.js",
      "beforeHooks": [],
      "afterHooks": [],
      "tests": [],
      "suites": [
        {
          "uuid": "c948c432-c890-4162-9c07-1de33bd8d3d7",
          "title": "Most crucial tests on today page",
          "fullFile": "",
          "file": "",
          "beforeHooks": [],
          "afterHooks": [],
          "tests": [
            {
              "title": "should start training and complete by checking repetition number, and logout",
              "fullTitle": "Most crucial tests on today page should start training and complete by checking repetition number, and logout",
              "timedOut": null,
              "duration": 7112,
              "state": "passed",
              "speed": "medium",
              "pass": true,
              "fail": false,
              "pending": false,
              "context": null,
              "code": "_exercisePage.default.checkExerciseBox();\n_basePage.default.logOut();",
              "err": {},
              "uuid": "5774fcf7-ce35-44d3-b3bd-76cbc69e8a50",
              "parentUUID": "c948c432-c890-4162-9c07-1de33bd8d3d7",
              "isHook": false,
              "skipped": false
            },
            {
              "title": "should add step and check the total step, and SYNC",
              "fullTitle": "Most crucial tests on today page should add step and check the total step, and SYNC",
              "timedOut": null,
              "duration": 7020,
              "state": "passed",
              "speed": "medium",
              "pass": true,
              "fail": false,
              "pending": false,
              "context": null,
              "code": "_stepPage.default.assertDailyStep(); //total daily step number is not updated, so it fails, but it was working properly\n\n_stepPage.default.clickSync();",
              "err": {},
              "uuid": "aebec9af-0100-4d75-b57d-ce11315b7645",
              "parentUUID": "c948c432-c890-4162-9c07-1de33bd8d3d7",
              "isHook": false,
              "skipped": false
            }
          ],
          "suites": [],
          "passes": [
            "5774fcf7-ce35-44d3-b3bd-76cbc69e8a50",
            "aebec9af-0100-4d75-b57d-ce11315b7645"
          ],
          "failures": [],
          "pending": [],
          "skipped": [],
          "duration": 14132,
          "root": false,
          "rootEmpty": false,
          "_timeout": 2000
        }
      ],
      "passes": [],
      "failures": [],
      "pending": [],
      "skipped": [],
      "duration": 0,
      "root": true,
      "rootEmpty": true,
      "_timeout": 2000
    }
  ],
  "meta": {
    "mocha": {
      "version": "7.0.1"
    },
    "mochawesome": {
      "options": {
        "quiet": false,
        "reportFilename": "mochawesome",
        "saveHtml": false,
        "saveJson": true,
        "consoleReporter": "spec",
        "useInlineDiffs": false,
        "code": true
      },
      "version": "7.1.3"
    },
    "marge": {
      "options": {
        "id": "default",
        "reportDir": "cypress/results/mochawesome",
        "overwrite": false,
        "html": false,
        "json": true
      },
      "version": "6.2.0"
    }
  }
}