{
  "stats": {
    "suites": 1,
    "tests": 2,
    "passes": 2,
    "pending": 0,
    "failures": 0,
    "start": "2022-04-15T13:19:30.161Z",
    "end": "2022-04-15T13:22:04.444Z",
    "duration": 154283,
    "testsRegistered": 2,
    "passPercent": 100,
    "pendingPercent": 0,
    "other": 0,
    "hasOther": false,
    "skipped": 0,
    "hasSkipped": false
  },
  "results": [
    {
      "uuid": "85fc737a-c6fc-4e7e-aa40-cfcd912d37ca",
      "title": "",
      "fullFile": "cypress/integration/tests/today.spec.js",
      "file": "cypress/integration/tests/today.spec.js",
      "beforeHooks": [],
      "afterHooks": [],
      "tests": [],
      "suites": [
        {
          "uuid": "3f41b74d-3cff-4cb1-8785-4bbf2e5519ea",
          "title": "Most crucial tests on today page",
          "fullFile": "",
          "file": "",
          "beforeHooks": [],
          "afterHooks": [],
          "tests": [
            {
              "title": "should start training and complete by checking repetition number, and logout",
              "fullTitle": "Most crucial tests on today page should start training and complete by checking repetition number, and logout",
              "timedOut": null,
              "duration": 143277,
              "state": "passed",
              "speed": "slow",
              "pass": true,
              "fail": false,
              "pending": false,
              "context": null,
              "code": "_exercisePage.default.checkExerciseBox();\n_basePage.default.logOut();",
              "err": {},
              "uuid": "406f968f-ab2c-4803-9425-667752d8338a",
              "parentUUID": "3f41b74d-3cff-4cb1-8785-4bbf2e5519ea",
              "isHook": false,
              "skipped": false
            },
            {
              "title": "should add step and check the total step, and SYNC",
              "fullTitle": "Most crucial tests on today page should add step and check the total step, and SYNC",
              "timedOut": null,
              "duration": 10882,
              "state": "passed",
              "speed": "slow",
              "pass": true,
              "fail": false,
              "pending": false,
              "context": null,
              "code": "_stepPage.default.assertDailyStep();\n_stepPage.default.clickSync();",
              "err": {},
              "uuid": "dae6681c-78c4-4993-b5d5-ac029a89e999",
              "parentUUID": "3f41b74d-3cff-4cb1-8785-4bbf2e5519ea",
              "isHook": false,
              "skipped": false
            }
          ],
          "suites": [],
          "passes": [
            "406f968f-ab2c-4803-9425-667752d8338a",
            "dae6681c-78c4-4993-b5d5-ac029a89e999"
          ],
          "failures": [],
          "pending": [],
          "skipped": [],
          "duration": 154159,
          "root": false,
          "rootEmpty": false,
          "_timeout": 2000
        }
      ],
      "passes": [],
      "failures": [],
      "pending": [],
      "skipped": [],
      "duration": 0,
      "root": true,
      "rootEmpty": true,
      "_timeout": 2000
    }
  ],
  "meta": {
    "mocha": {
      "version": "7.0.1"
    },
    "mochawesome": {
      "options": {
        "quiet": false,
        "reportFilename": "mochawesome",
        "saveHtml": false,
        "saveJson": true,
        "consoleReporter": "spec",
        "useInlineDiffs": false,
        "code": true
      },
      "version": "7.1.3"
    },
    "marge": {
      "options": {
        "id": "default",
        "reportDir": "cypress/results/mochawesome",
        "overwrite": false,
        "html": false,
        "json": true
      },
      "version": "6.2.0"
    }
  }
}