{
  "stats": {
    "suites": 1,
    "tests": 2,
    "passes": 1,
    "pending": 0,
    "failures": 1,
    "start": "2022-04-13T21:01:07.318Z",
    "end": "2022-04-13T21:01:26.088Z",
    "duration": 18770,
    "testsRegistered": 2,
    "passPercent": 50,
    "pendingPercent": 0,
    "other": 0,
    "hasOther": false,
    "skipped": 0,
    "hasSkipped": false
  },
  "results": [
    {
      "uuid": "abc9730a-93c7-43ed-a9a4-6c66d7b4568c",
      "title": "",
      "fullFile": "cypress/integration/tests/today.spec.js",
      "file": "cypress/integration/tests/today.spec.js",
      "beforeHooks": [],
      "afterHooks": [],
      "tests": [],
      "suites": [
        {
          "uuid": "eea5b534-1ac9-48f1-8307-50cf900c7047",
          "title": "Most crucial tests on today page",
          "fullFile": "",
          "file": "",
          "beforeHooks": [],
          "afterHooks": [],
          "tests": [
            {
              "title": "should start training and complete by checking repetition number, and logout",
              "fullTitle": "Most crucial tests on today page should start training and complete by checking repetition number, and logout",
              "timedOut": null,
              "duration": 9643,
              "state": "failed",
              "speed": null,
              "pass": false,
              "fail": true,
              "pending": false,
              "context": null,
              "code": "_exercisePage.default.checkExerciseBox();\n_basePage.default.logOut();",
              "err": {
                "message": "AssertionError: Timed out retrying after 4000ms: Expected to find element: `[data-cy=\"start-training-button\"]`, but never found it.",
                "estack": "AssertionError: Timed out retrying after 4000ms: Expected to find element: `[data-cy=\"start-training-button\"]`, but never found it.\n    at Context.eval (https://app.caspar-health.com/__cypress/tests?p=cypress\\support\\index.js:142:6)",
                "diff": null
              },
              "uuid": "d9fae242-6c62-4de2-9cfd-ac34747897b0",
              "parentUUID": "eea5b534-1ac9-48f1-8307-50cf900c7047",
              "isHook": false,
              "skipped": false
            },
            {
              "title": "should add step and check the total step, and SYNC",
              "fullTitle": "Most crucial tests on today page should add step and check the total step, and SYNC",
              "timedOut": null,
              "duration": 9052,
              "state": "passed",
              "speed": "medium",
              "pass": true,
              "fail": false,
              "pending": false,
              "context": null,
              "code": "//stepPage.assertDailyStep()//total daily step number is not updated, so it fails, but it was working properly\n_stepPage.default.clickSync();",
              "err": {},
              "uuid": "40a3a313-f17c-415b-a3d9-bf8f7b638b87",
              "parentUUID": "eea5b534-1ac9-48f1-8307-50cf900c7047",
              "isHook": false,
              "skipped": false
            }
          ],
          "suites": [],
          "passes": [
            "40a3a313-f17c-415b-a3d9-bf8f7b638b87"
          ],
          "failures": [
            "d9fae242-6c62-4de2-9cfd-ac34747897b0"
          ],
          "pending": [],
          "skipped": [],
          "duration": 18695,
          "root": false,
          "rootEmpty": false,
          "_timeout": 2000
        }
      ],
      "passes": [],
      "failures": [],
      "pending": [],
      "skipped": [],
      "duration": 0,
      "root": true,
      "rootEmpty": true,
      "_timeout": 2000
    }
  ],
  "meta": {
    "mocha": {
      "version": "7.0.1"
    },
    "mochawesome": {
      "options": {
        "quiet": false,
        "reportFilename": "mochawesome",
        "saveHtml": false,
        "saveJson": true,
        "consoleReporter": "spec",
        "useInlineDiffs": false,
        "code": true
      },
      "version": "7.1.3"
    },
    "marge": {
      "options": {
        "id": "default",
        "reportDir": "cypress/results/mochawesome",
        "overwrite": false,
        "html": false,
        "json": true
      },
      "version": "6.2.0"
    }
  }
}