<?xml version="1.0"?>
<testsuites>
<testsuite name="Root Suite" timestamp="2022-04-15T13:19:30" tests="0" file="cypress/integration/tests/today.spec.js" time="0.0000" failures="0"></testsuite>
<testsuite name="Most crucial tests on today page" timestamp="2022-04-15T13:19:30" tests="2" time="154.2690" failures="0">
  
  <testcase name="Most crucial tests on today page should start training and complete by checking repetition number, and logout" time="143.2770" classname="should start training and complete by checking repetition number, and logout"></testcase>
  
  <testcase name="Most crucial tests on today page should add step and check the total step, and SYNC" time="10.8820" classname="should add step and check the total step, and SYNC"></testcase>
  
</testsuite>


<testsuite name="Root Suite" timestamp="2022-04-15T13:17:30" tests="0" file="cypress/integration/tests/myWeek.spec.js" time="0.0000" failures="0"></testsuite>
<testsuite name="Most crucial tests on My Week page" timestamp="2022-04-15T13:17:30" tests="4" time="106.9610" failures="0">
  
  <testcase name="Most crucial tests on My Week page should fail if SETS number is only visible on exercise page" time="22.8780" classname="should fail if SETS number is only visible on exercise page"></testcase>
  
  <testcase name="Most crucial tests on My Week page should have same the SETS number on both previous video and video page" time="19.5390" classname="should have same the SETS number on both previous video and video page"></testcase>
  
  <testcase name="Most crucial tests on My Week page should start training and complete by checking active exercise number, and logout" time="52.7510" classname="should start training and complete by checking active exercise number, and logout"></testcase>
  
  <testcase name="Most crucial tests on My Week page should add step and check the weekly&amp;daily total step, and SYNC" time="11.6750" classname="should add step and check the weekly&amp;daily total step, and SYNC"></testcase>
  
</testsuite>



</testsuites>